<?xml version="1.0" encoding="UTF-8"?>
<testng-results skipped="0" failed="0" ignored="0" total="1" passed="1">
  <reporter-output>
  </reporter-output>
  <suite name="Default suite" duration-ms="11040" started-at="2020-08-24T22:39:13 PDT" finished-at="2020-08-24T22:39:24 PDT">
    <groups>
    </groups>
    <test name="Default test" duration-ms="11040" started-at="2020-08-24T22:39:13 PDT" finished-at="2020-08-24T22:39:24 PDT">
      <class name="testCases.LoginTest">
        <test-method status="PASS" signature="init()[pri:0, instance:testCases.LoginTest@1b68ddbd]" name="init" is-config="true" duration-ms="4" started-at="2020-08-24T22:39:13 PDT" finished-at="2020-08-24T22:39:13 PDT">
          <reporter-output>
          </reporter-output>
        </test-method> <!-- init -->
        <test-method status="PASS" signature="loginTest()[pri:0, instance:testCases.LoginTest@1b68ddbd]" name="loginTest" duration-ms="10753" started-at="2020-08-24T22:39:13 PDT" finished-at="2020-08-24T22:39:24 PDT">
          <reporter-output>
          </reporter-output>
        </test-method> <!-- loginTest -->
        <test-method status="PASS" signature="quit()[pri:0, instance:testCases.LoginTest@1b68ddbd]" name="quit" is-config="true" duration-ms="260" started-at="2020-08-24T22:39:24 PDT" finished-at="2020-08-24T22:39:24 PDT">
          <reporter-output>
          </reporter-output>
        </test-method> <!-- quit -->
      </class> <!-- testCases.LoginTest -->
    </test> <!-- Default test -->
  </suite> <!-- Default suite -->
</testng-results>
